Build started 11/3/2018 8:38:09 PM.
     1>Project "C:\Users\cgangwsw\Documents\Visual Studio 2008\Projects\DSA\DSA\DSA.vcxproj" on node 2 (Build target(s)).
     1>ClCompile:
         C:\Program Files (x86)\Microsoft Visual Studio 12.0\VC\bin\CL.exe /c /ZI /nologo /W3 /WX- /Od /Oy- /D _MBCS /Gm /EHsc /RTC1 /MDd /GS /fp:precise /Zc:wchar_t /Zc:forScope /Fo"Debug\\" /Fd"Debug\vc120.pdb" /Gd /TP /analyze- /errorReport:prompt test.cpp
         test.cpp
       Link:
         C:\Program Files (x86)\Microsoft Visual Studio 12.0\VC\bin\link.exe /ERRORREPORT:PROMPT /OUT:"C:\Users\cgangwsw\Documents\Visual Studio 2008\Projects\DSA\Debug\DSA.exe" /NOLOGO kernel32.lib user32.lib gdi32.lib winspool.lib comdlg32.lib advapi32.lib shell32.lib ole32.lib oleaut32.lib uuid.lib odbc32.lib odbccp32.lib /MANIFEST /MANIFESTUAC:"level='asInvoker' uiAccess='false'" /manifest:embed /DEBUG /PDB:"C:\Users\cgangwsw\Documents\Visual Studio 2008\Projects\DSA\Debug\DSA.pdb" /TLBID:1 /DYNAMICBASE /NXCOMPAT /IMPLIB:"C:\Users\cgangwsw\Documents\Visual Studio 2008\Projects\DSA\Debug\DSA.lib" /MACHINE:X86 /SAFESEH Debug\LLOperations.obj
         Debug\bubble_sort.obj
         Debug\ArrayLeftRotation.obj
         Debug\BST_begin.obj
         Debug\CadburyDivision.obj
         Debug\EnglishAlphabet.obj
         Debug\graph_learn.obj
         Debug\MaxHourglassSum.obj
         Debug\selection_sort.obj
         Debug\TechGig_pattern.obj
         Debug\test.obj
         DSA.vcxproj -> C:\Users\cgangwsw\Documents\Visual Studio 2008\Projects\DSA\Debug\DSA.exe
     1>Done Building Project "C:\Users\cgangwsw\Documents\Visual Studio 2008\Projects\DSA\DSA\DSA.vcxproj" (Build target(s)).

Build succeeded.

Time Elapsed 00:00:02.10
